<?xml version="1.0" encoding="UTF-8"?>
<!-- Generated by org.testng.reporters.JUnitReportReporter -->
<testsuite hostname="SARTHAK" failures="0" tests="1" name="testCases.TC_002_LoginTest" time="2.364" errors="0" timestamp="2024-04-04T00:31:51 IST" skipped="0">
  <testcase classname="testCases.TC_002_LoginTest" name="test_login" time="2.364"/>
</testsuite> <!-- testCases.TC_002_LoginTest -->
